<?xml version="1.0" encoding="UTF-8"?>
<testng-results skipped="0" failed="0" total="1" passed="1">
  <reporter-output>
  </reporter-output>
  <suite name="sandbox by groups" duration-ms="23" started-at="2015-03-18T17:47:04Z" finished-at="2015-03-18T17:47:04Z">
    <groups>
      <group name="fast">
        <method signature="SimpleTest.aFastTest()[pri:0, instance:org.herb.sandbox.system.SimpleTest@233c0b17]" name="aFastTest" class="org.herb.sandbox.system.SimpleTest"/>
      </group> <!-- fast -->
    </groups>
    <test name="GRP-fast" duration-ms="23" started-at="2015-03-18T17:47:04Z" finished-at="2015-03-18T17:47:04Z">
      <class name="org.herb.sandbox.system.SimpleTest">
        <test-method status="PASS" signature="aFastTest()[pri:0, instance:org.herb.sandbox.system.SimpleTest@233c0b17]" name="aFastTest" duration-ms="13" started-at="2015-03-18T13:47:04Z" finished-at="2015-03-18T13:47:04Z">
          <reporter-output>
          </reporter-output>
        </test-method> <!-- aFastTest -->
      </class> <!-- org.herb.sandbox.system.SimpleTest -->
    </test> <!-- GRP-fast -->
  </suite> <!-- sandbox by groups -->
</testng-results>
